<?xml version="1.0" encoding="UTF-8"?>
<!-- Generated by org.testng.reporters.JUnitXMLReporter -->
<testsuite hostname="lenovo" ignored="0" name="TestMain" tests="4" failures="0" timestamp="2021-05-15T15:49:11 IST" time="58.669" errors="0">
  <testcase name="registrationTest" time="6.178" classname="com.cjc.DWS.Tests.MainTest"/>
  <testcase name="addToCartTest" time="24.193" classname="com.cjc.DWS.Tests.MainTest"/>
  <testcase name="shoptest" time="9.024" classname="com.cjc.DWS.Tests.MainTest"/>
  <testcase name="checkouttest" time="16.211" classname="com.cjc.DWS.Tests.MainTest"/>
</testsuite> <!-- TestMain -->
